Arguments: 
  C:\Program Files\nodejs\node.exe C:\Users\mlim\AppData\Roaming\npm\node_modules\yarn\bin\yarn.js start

PATH: 
  C:\Users\mlim\bin;C:\Program Files\Git\mingw64\bin;C:\Program Files\Git\usr\local\bin;C:\Program Files\Git\usr\bin;C:\Program Files\Git\usr\bin;C:\Program Files\Git\mingw64\bin;C:\Program Files\Git\usr\bin;C:\Users\mlim\bin;C:\ProgramData\Oracle\Java\javapath;C:\WINDOWS\system32;C:\WINDOWS;C:\WINDOWS\System32\Wbem;C:\WINDOWS\System32\WindowsPowerShell\v1.0;C:\Program Files\Git\cmd;C:\Program Files\nodejs;C:\Program Files\MongoDB\Server\3.6\bin;C:\Users\mlim\AppData\Local\Microsoft\WindowsApps;C:\Program Files\Heroku\bin;C:\Users\mlim\AppData\Roaming\npm;C:\Program Files\MySQL\bin;C:\Program Files\Java\jdk-9.0.1\bin;C:\Program Files\Git\usr\bin\vendor_perl;C:\Program Files\Git\usr\bin\core_perl

Yarn version: 
  1.3.2

Node version: 
  6.11.4

Platform: 
  win32 x64

npm manifest: 
  {
    "name": "gtcb-project3",
    "version": "1.0.0",
    "description": "GoVoRep - an app that lists the user's government representatives based on their location",
    "main": "server.js",
    "dependencies": {
      "axios": "^0.17.1",
      "bcrypt": "^1.0.3",
      "bcrypt-nodejs": "0.0.3",
      "body-parser": "^1.18.2",
      "concurrently": "^3.5.1",
      "express": "^4.16.2",
      "http-proxy-middleware": "^0.17.4",
      "jsonwebtoken": "^8.1.1",
      "mongoose": "^4.13.9",
      "morgan": "^1.9.0",
      "newsapi": "^2.1.0",
      "passport": "^0.4.0",
      "passport-auth0": "^0.6.1",
      "passport-jwt": "^3.0.1",
      "path": "^0.12.7",
      "propublica-congress-node": "^0.1.2",
      "twitter": "^1.7.1"
    },
    "scripts": {
      "server": "node server.js",
      "client": "node scripts/start-client.js",
      "start": "concurrently \"node server.js\" \"cd ./client && npm start\",
      "build": "node scripts/build.js",
      "seed": "node scripts/seedUser.js",
      "test": "echo \"Error: no test specified\" && exit 1",
      "installDeps": "yarn && cd client && yarn"
    },
    "repository": {
      "type": "git",
      "url": "git+https://github.com/asalmeron3/GTCB-Project3.git"
    },
    "author": "",
    "license": "ISC",
    "bugs": {
      "url": "https://github.com/asalmeron3/GTCB-Project3/issues"
    },
    "homepage": "https://github.com/asalmeron3/GTCB-Project3#readme"
  }

yarn manifest: 
  No manifest

Lockfile: 
  No lockfile

Trace: 
  SyntaxError: C:\Users\mlim\gt\yu.github.io\GTCB-Project3\package.json: Unexpected token 
   in JSON at position 864
      at Object.parse (native)
      at C:\Users\mlim\AppData\Roaming\npm\node_modules\yarn\lib\cli.js:770:59
      at next (native)
      at step (C:\Users\mlim\AppData\Roaming\npm\node_modules\yarn\lib\cli.js:92:30)
      at C:\Users\mlim\AppData\Roaming\npm\node_modules\yarn\lib\cli.js:103:13
